<?xml version="1.0" encoding="UTF-8"?>
<testng-results ignored="0" total="1" passed="1" failed="0" skipped="0">
  <reporter-output>
  </reporter-output>
  <suite started-at="2020-11-26T09:31:55 IST" name="Default suite" finished-at="2020-11-26T09:32:00 IST" duration-ms="4745">
    <groups>
    </groups>
    <test started-at="2020-11-26T09:31:55 IST" name="Default test" finished-at="2020-11-26T09:32:00 IST" duration-ms="4745">
      <class name="Delete">
        <test-method signature="puttest()[pri:0, instance:Delete@4278a03f]" started-at="2020-11-26T09:31:55 IST" name="puttest" finished-at="2020-11-26T09:32:00 IST" duration-ms="4687" status="PASS">
          <reporter-output>
          </reporter-output>
        </test-method> <!-- puttest -->
      </class> <!-- Delete -->
    </test> <!-- Default test -->
  </suite> <!-- Default suite -->
</testng-results>
